<?xml version="1.0" encoding="UTF-8"?>
<!-- Generated by org.testng.reporters.JUnitReportReporter -->
<testsuite hostname="LAPTOP-VFKJ2SC9" failures="0" tests="1" name="Testcases.LoginPageApplication" time="97.005" errors="0" timestamp="2022-06-17T21:53:22 IST" skipped="0">
  <testcase classname="Testcases.LoginPageApplication" name="Login" time="97.005"/>
  <system-out/>
</testsuite> <!-- Testcases.LoginPageApplication -->
